-------------------------------------------------------------------------------
Test set: gamelibrary.AdherentTest
-------------------------------------------------------------------------------
Tests run: 2, Failures: 1, Errors: 0, Skipped: 0, Time elapsed: 0.01 s <<< FAILURE! - in gamelibrary.AdherentTest
testBorrowVideoGame(gamelibrary.AdherentTest)  Time elapsed: 0.01 s  <<< FAILURE!
org.junit.ComparisonFailure: expected:<[No found]> but was:<[This video game was not found.]>
	at gamelibrary.AdherentTest.testBorrowVideoGame(AdherentTest.java:74)

