<?xml version="1.0" encoding="UTF-8"?>
<testsuite xmlns:xsi="http://www.w3.org/2001/XMLSchema-instance" xsi:noNamespaceSchemaLocation="https://maven.apache.org/surefire/maven-surefire-plugin/xsd/surefire-test-report-3.0.xsd" version="3.0" name="gamelibrary.ManagerTest" time="0.001" tests="6" errors="0" skipped="0" failures="0">
  <properties>
[...]
</properties>
  <testcase name="testAddVideoGame" classname="gamelibrary.ManagerTest" time="0"/>
  <testcase name="testGetBorrowList" classname="gamelibrary.ManagerTest" time="0"/>
  <testcase name="testAddBoardGame" classname="gamelibrary.ManagerTest" time="0"/>
  <testcase name="testAddToy" classname="gamelibrary.ManagerTest" time="0"/>
  <testcase name="testSetInstance" classname="gamelibrary.ManagerTest" time="0"/>
  <testcase name="testGetInstance" classname="gamelibrary.ManagerTest" time="0"/>
</testsuite>