<?xml version="1.0" encoding="UTF-8"?>
<testsuite xmlns:xsi="http://www.w3.org/2001/XMLSchema-instance" xsi:noNamespaceSchemaLocation="https://maven.apache.org/surefire/maven-surefire-plugin/xsd/surefire-test-report-3.0.xsd" version="3.0" name="gamelibrary.PersonTest" time="0.002" tests="7" errors="0" skipped="0" failures="0">
  <properties>
[...]
</properties>
  <testcase name="testSearchToy" classname="gamelibrary.PersonTest" time="0.001"/>
  <testcase name="testSetFirstname" classname="gamelibrary.PersonTest" time="0"/>
  <testcase name="testGetfirstname" classname="gamelibrary.PersonTest" time="0"/>
  <testcase name="testSearchVideoGame" classname="gamelibrary.PersonTest" time="0"/>
  <testcase name="testGetName" classname="gamelibrary.PersonTest" time="0"/>
  <testcase name="testSearchBoardGame" classname="gamelibrary.PersonTest" time="0.001"/>
  <testcase name="testSetName" classname="gamelibrary.PersonTest" time="0"/>
</testsuite>